  [4;36;1mSQL (0.2ms)[0m   [0;1mSET NAMES 'utf8'[0m
  [4;35;1mSQL (0.1ms)[0m   [0mSET SQL_AUTO_IS_NULL=0[0m
  [4;36;1mSQL (0.4ms)[0m   [0;1mSHOW TABLES[0m
  [4;35;1mSQL (154.4ms)[0m   [0mCREATE TABLE `schema_migrations` (`version` varchar(255) NOT NULL) ENGINE=InnoDB[0m
  [4;36;1mSQL (236.4ms)[0m   [0;1mCREATE UNIQUE INDEX `unique_schema_migrations` ON `schema_migrations` (`version`)[0m
  [4;35;1mSQL (1.1ms)[0m   [0mSHOW TABLES[0m
  [4;36;1mSQL (0.4ms)[0m   [0;1mSHOW TABLES[0m
  [4;35;1mSQL (0.5ms)[0m   [0mSELECT version FROM schema_migrations[0m
  [4;36;1mSQL (0.4ms)[0m   [0;1mSHOW TABLES[0m
  [4;36;1mSQL (0.2ms)[0m   [0;1mSET NAMES 'utf8'[0m
  [4;35;1mSQL (0.1ms)[0m   [0mSET SQL_AUTO_IS_NULL=0[0m


Processing PagesController#home (for 127.0.0.1 at 2010-01-12 08:57:15) [GET]

ActionController::UnknownAction (No action responded to home. Actions: index):
  

Rendering rescues/layout (not_found)
  [4;36;1mSQL (0.1ms)[0m   [0;1mSET NAMES 'utf8'[0m
  [4;35;1mSQL (0.1ms)[0m   [0mSET SQL_AUTO_IS_NULL=0[0m


Processing PagesController#index (for 127.0.0.1 at 2010-01-12 08:57:37) [GET]
Rendering pages/index
Completed in 10ms (View: 7, DB: 0) | 200 OK [http://localhost/]
  [4;36;1mSQL (0.1ms)[0m   [0;1mSET NAMES 'utf8'[0m
  [4;35;1mSQL (0.1ms)[0m   [0mSET SQL_AUTO_IS_NULL=0[0m


Processing PagesController#index (for 127.0.0.1 at 2010-01-12 09:05:36) [GET]
Rendering template within layouts/application
Rendering pages/index
Rendered shared/_top_nav (1.2ms)

ActionView::TemplateError (Missing template page/_footer.erb in view path app/views) on line #39 of app/views/layouts/application.html.erb:
36:         <%= render :partial => "page/child_nav" if (@page && (!@page.children.empty?)) -%>
37:       </div> 
38:       <div class='clear'></div>
39:       <%= render :partial => "page/footer" -%>
40:     </div>
41:     <script type='text/javascript'>
42:       jQuery(document).ready(function() { 

    app/views/layouts/application.html.erb:39

Rendered rescues/_trace (128.6ms)
Rendered rescues/_request_and_response (2.0ms)
Rendering rescues/layout (internal_server_error)
  [4;36;1mSQL (0.2ms)[0m   [0;1mSET NAMES 'utf8'[0m
  [4;35;1mSQL (0.1ms)[0m   [0mSET SQL_AUTO_IS_NULL=0[0m


Processing PagesController#index (for 127.0.0.1 at 2010-01-12 09:10:35) [GET]
Rendering template within layouts/application
Rendering pages/index
Rendered shared/_top_nav (0.3ms)
Rendered shared/_footer (1.5ms)
Completed in 23ms (View: 19, DB: 0) | 200 OK [http://localhost/]
  [4;36;1mSQL (0.3ms)[0m   [0;1mSET NAMES 'utf8'[0m
  [4;35;1mSQL (0.3ms)[0m   [0mSET SQL_AUTO_IS_NULL=0[0m


Processing ApplicationController#index (for 127.0.0.1 at 2010-01-12 09:10:35) [GET]

ActionController::RoutingError (No route matches "/stylesheets/base.css" with {:method=>:get}):
  

Rendering rescues/layout (not_found)
  [4;36;1mSQL (0.1ms)[0m   [0;1mSET NAMES 'utf8'[0m
  [4;35;1mSQL (0.2ms)[0m   [0mSET SQL_AUTO_IS_NULL=0[0m


Processing PagesController#index (for 127.0.0.1 at 2010-01-12 09:11:10) [GET]
Rendering template within layouts/application
Rendering pages/index
Rendered shared/_top_nav (0.1ms)
Rendered shared/_footer (0.1ms)
Completed in 6ms (View: 3, DB: 0) | 200 OK [http://localhost/]
  [4;36;1mSQL (0.1ms)[0m   [0;1mSET NAMES 'utf8'[0m
  [4;35;1mSQL (0.1ms)[0m   [0mSET SQL_AUTO_IS_NULL=0[0m


Processing ApplicationController#index (for 127.0.0.1 at 2010-01-12 09:11:10) [GET]

ActionController::RoutingError (No route matches "/themes/ansuz_theme_isotope11/images/bg.png" with {:method=>:get}):
  

Rendering rescues/layout (not_found)
  [4;36;1mSQL (0.3ms)[0m   [0;1mSET NAMES 'utf8'[0m
  [4;35;1mSQL (0.3ms)[0m   [0mSET SQL_AUTO_IS_NULL=0[0m


Processing PagesController#index (for 127.0.0.1 at 2010-01-12 09:15:52) [GET]
Rendering template within layouts/application
Rendering pages/index
Rendered shared/_top_nav (0.1ms)
Rendered shared/_footer (0.1ms)
Completed in 12ms (View: 9, DB: 1) | 200 OK [http://localhost/]
  [4;36;1mSQL (0.3ms)[0m   [0;1mSET NAMES 'utf8'[0m
  [4;35;1mSQL (0.4ms)[0m   [0mSET SQL_AUTO_IS_NULL=0[0m


Processing ApplicationController#index (for 127.0.0.1 at 2010-01-12 09:15:53) [GET]

ActionController::RoutingError (No route matches "/themes/ansuz_theme_isotope11/images/sportgraphics.png" with {:method=>:get}):
  

Rendering rescues/layout (not_found)
  [4;36;1mSQL (0.1ms)[0m   [0;1mSET NAMES 'utf8'[0m
  [4;35;1mSQL (0.1ms)[0m   [0mSET SQL_AUTO_IS_NULL=0[0m


Processing ApplicationController#index (for 127.0.0.1 at 2010-01-12 09:15:53) [GET]

ActionController::RoutingError (No route matches "/themes/ansuz_theme_isotope11/images/bg.png" with {:method=>:get}):
  

Rendering rescues/layout (not_found)
  [4;36;1mSQL (0.1ms)[0m   [0;1mSET NAMES 'utf8'[0m
  [4;35;1mSQL (0.1ms)[0m   [0mSET SQL_AUTO_IS_NULL=0[0m


Processing PagesController#index (for 127.0.0.1 at 2010-01-12 09:17:22) [GET]
Rendering template within layouts/application
Rendering pages/index
Rendered shared/_top_nav (0.1ms)
Rendered shared/_footer (0.1ms)
Completed in 7ms (View: 4, DB: 0) | 200 OK [http://localhost/]
  [4;36;1mSQL (0.1ms)[0m   [0;1mSET NAMES 'utf8'[0m
  [4;35;1mSQL (0.2ms)[0m   [0mSET SQL_AUTO_IS_NULL=0[0m


Processing ApplicationController#index (for 127.0.0.1 at 2010-01-12 09:17:22) [GET]

ActionController::RoutingError (No route matches "/themes/ansuz_theme_isotope11/images/sportgraphics.png" with {:method=>:get}):
  

Rendering rescues/layout (not_found)
  [4;36;1mSQL (0.1ms)[0m   [0;1mSET NAMES 'utf8'[0m
  [4;35;1mSQL (0.1ms)[0m   [0mSET SQL_AUTO_IS_NULL=0[0m


Processing ApplicationController#index (for 127.0.0.1 at 2010-01-12 09:17:22) [GET]

ActionController::RoutingError (No route matches "/themes/ansuz_theme_isotope11/images/bg.png" with {:method=>:get}):
  

Rendering rescues/layout (not_found)
  [4;36;1mSQL (0.1ms)[0m   [0;1mSET NAMES 'utf8'[0m
  [4;35;1mSQL (0.1ms)[0m   [0mSET SQL_AUTO_IS_NULL=0[0m


Processing PagesController#index (for 127.0.0.1 at 2010-01-12 09:17:28) [GET]
Rendering template within layouts/application
Rendering pages/index
Rendered shared/_top_nav (0.1ms)
Rendered shared/_footer (0.1ms)
Completed in 7ms (View: 4, DB: 0) | 200 OK [http://localhost/]
  [4;36;1mSQL (0.1ms)[0m   [0;1mSET NAMES 'utf8'[0m
  [4;35;1mSQL (0.1ms)[0m   [0mSET SQL_AUTO_IS_NULL=0[0m


Processing ApplicationController#index (for 127.0.0.1 at 2010-01-12 09:17:28) [GET]

ActionController::RoutingError (No route matches "/themes/ansuz_theme_isotope11/images/sportgraphics.png" with {:method=>:get}):
  

Rendering rescues/layout (not_found)
  [4;36;1mSQL (0.3ms)[0m   [0;1mSET NAMES 'utf8'[0m
  [4;35;1mSQL (0.3ms)[0m   [0mSET SQL_AUTO_IS_NULL=0[0m


Processing ApplicationController#index (for 127.0.0.1 at 2010-01-12 09:17:28) [GET]

ActionController::RoutingError (No route matches "/themes/ansuz_theme_isotope11/images/bg.png" with {:method=>:get}):
  

Rendering rescues/layout (not_found)
  [4;36;1mSQL (0.1ms)[0m   [0;1mSET NAMES 'utf8'[0m
  [4;35;1mSQL (0.1ms)[0m   [0mSET SQL_AUTO_IS_NULL=0[0m


Processing PagesController#index (for 127.0.0.1 at 2010-01-12 09:18:04) [GET]
Rendering template within layouts/application
Rendering pages/index
Rendered shared/_top_nav (0.1ms)
Rendered shared/_footer (0.1ms)
Completed in 6ms (View: 3, DB: 0) | 200 OK [http://localhost/]
  [4;36;1mSQL (0.3ms)[0m   [0;1mSET NAMES 'utf8'[0m
  [4;35;1mSQL (0.3ms)[0m   [0mSET SQL_AUTO_IS_NULL=0[0m


Processing ApplicationController#index (for 127.0.0.1 at 2010-01-12 09:18:04) [GET]

ActionController::RoutingError (No route matches "/themes/ansuz_theme_isotope11/images/sportgraphics.png" with {:method=>:get}):
  

Rendering rescues/layout (not_found)
  [4;36;1mSQL (0.3ms)[0m   [0;1mSET NAMES 'utf8'[0m
  [4;35;1mSQL (0.3ms)[0m   [0mSET SQL_AUTO_IS_NULL=0[0m


Processing ApplicationController#index (for 127.0.0.1 at 2010-01-12 09:18:04) [GET]

ActionController::RoutingError (No route matches "/themes/ansuz_theme_isotope11/images/bg.png" with {:method=>:get}):
  

Rendering rescues/layout (not_found)
  [4;36;1mSQL (0.3ms)[0m   [0;1mSET NAMES 'utf8'[0m
  [4;35;1mSQL (0.3ms)[0m   [0mSET SQL_AUTO_IS_NULL=0[0m


Processing ApplicationController#index (for 127.0.0.1 at 2010-01-12 09:18:16) [GET]

ActionController::RoutingError (No route matches "/themes/ansuz_theme_isotope11/images/bg.png" with {:method=>:get}):
  

Rendering rescues/layout (not_found)
  [4;36;1mSQL (0.3ms)[0m   [0;1mSET NAMES 'utf8'[0m
  [4;35;1mSQL (0.3ms)[0m   [0mSET SQL_AUTO_IS_NULL=0[0m


Processing PagesController#index (for 127.0.0.1 at 2010-01-12 09:19:10) [GET]
Rendering template within layouts/application
Rendering pages/index
Rendered shared/_top_nav (0.1ms)
Rendered shared/_footer (0.1ms)
Completed in 6ms (View: 3, DB: 1) | 200 OK [http://localhost/]
  [4;36;1mSQL (0.3ms)[0m   [0;1mSET NAMES 'utf8'[0m
  [4;35;1mSQL (0.4ms)[0m   [0mSET SQL_AUTO_IS_NULL=0[0m


Processing ApplicationController#index (for 127.0.0.1 at 2010-01-12 09:19:10) [GET]

ActionController::RoutingError (No route matches "/themes/ansuz_theme_isotope11/images/sportgraphics.png" with {:method=>:get}):
  

Rendering rescues/layout (not_found)
  [4;36;1mSQL (0.3ms)[0m   [0;1mSET NAMES 'utf8'[0m
  [4;35;1mSQL (0.3ms)[0m   [0mSET SQL_AUTO_IS_NULL=0[0m


Processing PagesController#index (for 127.0.0.1 at 2010-01-12 09:20:20) [GET]
Rendering template within layouts/application
Rendering pages/index
Rendered shared/_top_nav (0.1ms)
Rendered shared/_footer (0.1ms)
Completed in 12ms (View: 9, DB: 1) | 200 OK [http://localhost/]
  [4;36;1mSQL (0.3ms)[0m   [0;1mSET NAMES 'utf8'[0m
  [4;35;1mSQL (0.3ms)[0m   [0mSET SQL_AUTO_IS_NULL=0[0m


Processing PagesController#index (for 127.0.0.1 at 2010-01-12 09:26:55) [GET]
Rendering template within layouts/application
Rendering pages/index
Rendered shared/_top_nav (0.1ms)
Rendered shared/_footer (0.1ms)
Completed in 6ms (View: 3, DB: 1) | 200 OK [http://localhost/]
  [4;36;1mSQL (0.2ms)[0m   [0;1mSET NAMES 'utf8'[0m
  [4;35;1mSQL (0.1ms)[0m   [0mSET SQL_AUTO_IS_NULL=0[0m


Processing PagesController#index (for 127.0.0.1 at 2010-01-12 09:43:08) [GET]
Rendering template within layouts/application
Rendering pages/index
Rendered shared/_top_nav (0.1ms)
Rendered shared/_footer (0.1ms)
Completed in 79ms (View: 76, DB: 0) | 200 OK [http://localhost/]
  [4;36;1mSQL (0.1ms)[0m   [0;1mSET NAMES 'utf8'[0m
  [4;35;1mSQL (0.1ms)[0m   [0mSET SQL_AUTO_IS_NULL=0[0m


Processing PagesController#index (for 127.0.0.1 at 2010-01-12 09:43:37) [GET]
Rendering template within layouts/application
Rendering pages/index
Rendered shared/_top_nav (0.1ms)
Rendered shared/_footer (0.1ms)
Completed in 15ms (View: 12, DB: 0) | 200 OK [http://localhost/]
  [4;36;1mSQL (0.1ms)[0m   [0;1mSET NAMES 'utf8'[0m
  [4;35;1mSQL (0.1ms)[0m   [0mSET SQL_AUTO_IS_NULL=0[0m


Processing PagesController#index (for 127.0.0.1 at 2010-01-12 09:43:44) [GET]
Rendering template within layouts/application
Rendering pages/index
Rendered shared/_top_nav (0.1ms)
Rendered shared/_footer (0.1ms)
Completed in 6ms (View: 3, DB: 0) | 200 OK [http://localhost/]
  [4;36;1mSQL (0.3ms)[0m   [0;1mSET NAMES 'utf8'[0m
  [4;35;1mSQL (0.3ms)[0m   [0mSET SQL_AUTO_IS_NULL=0[0m


Processing PagesController#index (for 127.0.0.1 at 2010-01-12 09:48:17) [GET]
Rendering template within layouts/application
Rendering pages/index
Rendered shared/_top_nav (0.2ms)
Rendered shared/_footer (0.1ms)
Completed in 13ms (View: 10, DB: 1) | 200 OK [http://localhost/]
  [4;36;1mSQL (0.2ms)[0m   [0;1mSET NAMES 'utf8'[0m
  [4;35;1mSQL (0.1ms)[0m   [0mSET SQL_AUTO_IS_NULL=0[0m


Processing PagesController#index (for 127.0.0.1 at 2010-01-12 09:49:34) [GET]
Rendering template within layouts/application
Rendering pages/index
Rendered shared/_top_nav (0.1ms)
Rendered shared/_footer (0.1ms)
Completed in 14ms (View: 11, DB: 0) | 200 OK [http://localhost/]
  [4;36;1mSQL (0.1ms)[0m   [0;1mSET NAMES 'utf8'[0m
  [4;35;1mSQL (0.1ms)[0m   [0mSET SQL_AUTO_IS_NULL=0[0m


Processing PagesController#home (for 127.0.0.1 at 2010-01-12 09:54:11) [GET]
Rendering template within layouts/application
Rendering pages/home
Rendered shared/_top_nav (0.1ms)
Rendered shared/_footer (0.1ms)
Completed in 23ms (View: 19, DB: 0) | 200 OK [http://localhost/]
  [4;36;1mSQL (0.3ms)[0m   [0;1mSET NAMES 'utf8'[0m
  [4;35;1mSQL (0.3ms)[0m   [0mSET SQL_AUTO_IS_NULL=0[0m


Processing PagesController#home (for 127.0.0.1 at 2010-01-12 10:00:10) [GET]
Rendering template within layouts/application
Rendering pages/home
Rendered shared/_top_nav (0.1ms)
Rendered shared/_footer (0.1ms)
Completed in 12ms (View: 9, DB: 1) | 200 OK [http://localhost/]
  [4;36;1mSQL (0.3ms)[0m   [0;1mSET NAMES 'utf8'[0m
  [4;35;1mSQL (0.3ms)[0m   [0mSET SQL_AUTO_IS_NULL=0[0m


Processing PagesController#home (for 127.0.0.1 at 2010-01-12 10:01:19) [GET]
Rendering template within layouts/application
Rendering pages/home
Rendered shared/_top_nav (0.2ms)
Rendered shared/_footer (0.1ms)
Completed in 14ms (View: 10, DB: 1) | 200 OK [http://localhost/]
  [4;36;1mSQL (0.1ms)[0m   [0;1mSET NAMES 'utf8'[0m
  [4;35;1mSQL (0.1ms)[0m   [0mSET SQL_AUTO_IS_NULL=0[0m


Processing PagesController#home (for 127.0.0.1 at 2010-01-12 10:02:16) [GET]
Rendering template within layouts/application
Rendering pages/home
Rendered shared/_top_nav (1.3ms)
Rendered shared/_footer (0.1ms)
Completed in 15ms (View: 5, DB: 0) | 200 OK [http://localhost/]
  [4;36;1mSQL (0.3ms)[0m   [0;1mSET NAMES 'utf8'[0m
  [4;35;1mSQL (0.3ms)[0m   [0mSET SQL_AUTO_IS_NULL=0[0m


Processing PagesController#home (for 127.0.0.1 at 2010-01-12 10:08:07) [GET]
Rendering template within layouts/application
Rendering pages/home
Rendered shared/_top_nav (0.1ms)
Rendered shared/_footer (0.1ms)
Completed in 10ms (View: 7, DB: 1) | 200 OK [http://localhost/]
  [4;36;1mSQL (0.1ms)[0m   [0;1mSET NAMES 'utf8'[0m
  [4;35;1mSQL (0.1ms)[0m   [0mSET SQL_AUTO_IS_NULL=0[0m


Processing PagesController#contact (for 127.0.0.1 at 2010-01-12 10:09:32) [GET]
Rendering template within layouts/application
Rendering pages/contact
Rendered shared/_top_nav (0.1ms)
Rendered shared/_footer (0.1ms)
Completed in 15ms (View: 12, DB: 0) | 200 OK [http://localhost/pages/contact]
  [4;36;1mSQL (0.1ms)[0m   [0;1mSET NAMES 'utf8'[0m
  [4;35;1mSQL (0.1ms)[0m   [0mSET SQL_AUTO_IS_NULL=0[0m


Processing ApplicationController#index (for 127.0.0.1 at 2010-01-12 10:09:32) [GET]

ActionController::RoutingError (No route matches "/pages/favicon.ico" with {:method=>:get}):
  

Rendering rescues/layout (not_found)
  [4;36;1mSQL (0.1ms)[0m   [0;1mSET NAMES 'utf8'[0m
  [4;35;1mSQL (0.1ms)[0m   [0mSET SQL_AUTO_IS_NULL=0[0m


Processing ApplicationController#index (for 127.0.0.1 at 2010-01-12 10:09:35) [GET]

ActionController::RoutingError (No route matches "/pages/favicon.ico" with {:method=>:get}):
  

Rendering rescues/layout (not_found)
  [4;36;1mSQL (0.1ms)[0m   [0;1mSET NAMES 'utf8'[0m
  [4;35;1mSQL (0.1ms)[0m   [0mSET SQL_AUTO_IS_NULL=0[0m


Processing ApplicationController#index (for 127.0.0.1 at 2010-01-12 10:09:35) [GET]

ActionController::RoutingError (No route matches "/pages/favicon.ico" with {:method=>:get}):
  

Rendering rescues/layout (not_found)
  [4;36;1mSQL (0.1ms)[0m   [0;1mSET NAMES 'utf8'[0m
  [4;35;1mSQL (0.1ms)[0m   [0mSET SQL_AUTO_IS_NULL=0[0m


Processing PagesController#what_we_do (for 127.0.0.1 at 2010-01-12 10:59:06) [GET]
Rendering template within layouts/application
Rendering pages/what_we_do
Rendered shared/_top_nav (0.2ms)
Rendered shared/_footer (0.1ms)
Completed in 13ms (View: 10, DB: 0) | 200 OK [http://localhost/pages/what_we_do]
  [4;36;1mSQL (0.1ms)[0m   [0;1mSET NAMES 'utf8'[0m
  [4;35;1mSQL (0.1ms)[0m   [0mSET SQL_AUTO_IS_NULL=0[0m


Processing PagesController#what_we_do (for 127.0.0.1 at 2010-01-12 10:59:42) [GET]
Rendering template within layouts/application
Rendering pages/what_we_do
Rendered shared/_top_nav (0.1ms)
Rendered shared/_footer (0.1ms)
Completed in 22ms (View: 15, DB: 0) | 200 OK [http://localhost/pages/what_we_do]
  [4;36;1mSQL (0.1ms)[0m   [0;1mSET NAMES 'utf8'[0m
  [4;35;1mSQL (0.1ms)[0m   [0mSET SQL_AUTO_IS_NULL=0[0m


Processing PagesController#work (for 127.0.0.1 at 2010-01-12 10:59:45) [GET]
Rendering template within layouts/application
Rendering pages/work
Rendered shared/_top_nav (0.2ms)
Rendered shared/_footer (0.1ms)
Completed in 23ms (View: 17, DB: 0) | 200 OK [http://localhost/pages/work]
  [4;36;1mSQL (0.1ms)[0m   [0;1mSET NAMES 'utf8'[0m
  [4;35;1mSQL (0.1ms)[0m   [0mSET SQL_AUTO_IS_NULL=0[0m


Processing PagesController#work (for 127.0.0.1 at 2010-01-12 11:00:34) [GET]
Rendering template within layouts/application
Rendering pages/work
Rendered shared/_top_nav (0.2ms)
Rendered shared/_footer (0.1ms)
Completed in 14ms (View: 11, DB: 0) | 200 OK [http://localhost/pages/work]
  [4;36;1mSQL (0.1ms)[0m   [0;1mSET NAMES 'utf8'[0m
  [4;35;1mSQL (0.1ms)[0m   [0mSET SQL_AUTO_IS_NULL=0[0m


Processing ApplicationController#index (for 127.0.0.1 at 2010-01-12 11:00:34) [GET]

ActionController::RoutingError (No route matches "/themes/ansuz_theme_isotope11/images/pol.png" with {:method=>:get}):
  

Rendering rescues/layout (not_found)
  [4;36;1mSQL (0.1ms)[0m   [0;1mSET NAMES 'utf8'[0m
  [4;35;1mSQL (0.2ms)[0m   [0mSET SQL_AUTO_IS_NULL=0[0m


Processing ApplicationController#index (for 127.0.0.1 at 2010-01-12 11:00:34) [GET]

ActionController::RoutingError (No route matches "/themes/ansuz_theme_isotope11/images/aiua.png" with {:method=>:get}):
  

Rendering rescues/layout (not_found)
  [4;36;1mSQL (0.1ms)[0m   [0;1mSET NAMES 'utf8'[0m
  [4;35;1mSQL (0.2ms)[0m   [0mSET SQL_AUTO_IS_NULL=0[0m


Processing ApplicationController#index (for 127.0.0.1 at 2010-01-12 11:00:34) [GET]

ActionController::RoutingError (No route matches "/themes/ansuz_theme_isotope11/images/itm.png" with {:method=>:get}):
  

Rendering rescues/layout (not_found)
  [4;36;1mSQL (0.1ms)[0m   [0;1mSET NAMES 'utf8'[0m
  [4;35;1mSQL (0.2ms)[0m   [0mSET SQL_AUTO_IS_NULL=0[0m


Processing ApplicationController#index (for 127.0.0.1 at 2010-01-12 11:00:34) [GET]

ActionController::RoutingError (No route matches "/themes/ansuz_theme_isotope11/images/mwg.png" with {:method=>:get}):
  

Rendering rescues/layout (not_found)
  [4;36;1mSQL (0.1ms)[0m   [0;1mSET NAMES 'utf8'[0m
  [4;35;1mSQL (0.1ms)[0m   [0mSET SQL_AUTO_IS_NULL=0[0m


Processing PagesController#work (for 127.0.0.1 at 2010-01-12 11:03:10) [GET]
Rendering template within layouts/application
Rendering pages/work
Rendered shared/_top_nav (0.1ms)
Rendered shared/_footer (0.1ms)
Completed in 12ms (View: 9, DB: 0) | 200 OK [http://localhost/pages/work]
  [4;36;1mSQL (0.1ms)[0m   [0;1mSET NAMES 'utf8'[0m
  [4;35;1mSQL (0.1ms)[0m   [0mSET SQL_AUTO_IS_NULL=0[0m


Processing PagesController#work (for 127.0.0.1 at 2010-01-12 11:05:06) [GET]
Rendering template within layouts/application
Rendering pages/work
Rendered shared/_top_nav (0.1ms)
Rendered shared/_footer (0.2ms)
Completed in 15ms (View: 10, DB: 0) | 200 OK [http://localhost/pages/work]
  [4;36;1mSQL (0.3ms)[0m   [0;1mSET NAMES 'utf8'[0m
  [4;35;1mSQL (0.3ms)[0m   [0mSET SQL_AUTO_IS_NULL=0[0m


Processing PagesController#client_resources (for 127.0.0.1 at 2010-01-12 11:05:27) [GET]
Rendering template within layouts/application
Rendering pages/client_resources
Rendered shared/_top_nav (0.1ms)
Rendered shared/_footer (0.1ms)
Completed in 11ms (View: 8, DB: 1) | 200 OK [http://localhost/pages/client_resources]
  [4;36;1mSQL (0.3ms)[0m   [0;1mSET NAMES 'utf8'[0m
  [4;35;1mSQL (0.3ms)[0m   [0mSET SQL_AUTO_IS_NULL=0[0m


Processing PagesController#work (for 127.0.0.1 at 2010-01-12 11:05:30) [GET]
Rendering template within layouts/application
Rendering pages/work
Rendered shared/_top_nav (0.1ms)
Rendered shared/_footer (0.1ms)
Completed in 6ms (View: 3, DB: 1) | 200 OK [http://localhost/pages/work]
  [4;36;1mSQL (0.3ms)[0m   [0;1mSET NAMES 'utf8'[0m
  [4;35;1mSQL (0.3ms)[0m   [0mSET SQL_AUTO_IS_NULL=0[0m


Processing PagesController#what_we_do (for 127.0.0.1 at 2010-01-12 11:05:32) [GET]
Rendering template within layouts/application
Rendering pages/what_we_do
Rendered shared/_top_nav (0.1ms)
Rendered shared/_footer (0.1ms)
Completed in 12ms (View: 9, DB: 1) | 200 OK [http://localhost/pages/what_we_do]
  [4;36;1mSQL (0.1ms)[0m   [0;1mSET NAMES 'utf8'[0m
  [4;35;1mSQL (0.1ms)[0m   [0mSET SQL_AUTO_IS_NULL=0[0m


Processing PagesController#client_resources (for 127.0.0.1 at 2010-01-12 11:05:35) [GET]
Rendering template within layouts/application
Rendering pages/client_resources
Rendered shared/_top_nav (0.1ms)
Rendered shared/_footer (0.2ms)
Completed in 7ms (View: 3, DB: 0) | 200 OK [http://localhost/pages/client_resources]
  [4;36;1mSQL (0.4ms)[0m   [0;1mSET NAMES 'utf8'[0m
  [4;35;1mSQL (0.5ms)[0m   [0mSET SQL_AUTO_IS_NULL=0[0m


Processing PagesController#client_resources (for 127.0.0.1 at 2010-01-12 11:06:46) [GET]
Rendering template within layouts/application
Rendering pages/client_resources
Rendered shared/_top_nav (0.2ms)
Rendered shared/_footer (0.1ms)
Completed in 13ms (View: 10, DB: 1) | 200 OK [http://localhost/pages/client_resources]
  [4;36;1mSQL (0.4ms)[0m   [0;1mSET NAMES 'utf8'[0m
  [4;35;1mSQL (0.4ms)[0m   [0mSET SQL_AUTO_IS_NULL=0[0m


Processing PagesController#contact (for 127.0.0.1 at 2010-01-12 11:08:45) [GET]
Rendering template within layouts/application
Rendering pages/contact
Rendered shared/_top_nav (0.1ms)
Rendered shared/_footer (0.1ms)
Completed in 6ms (View: 3, DB: 1) | 200 OK [http://localhost/pages/contact]
  [4;36;1mSQL (0.2ms)[0m   [0;1mSET NAMES 'utf8'[0m
  [4;35;1mSQL (0.2ms)[0m   [0mSET SQL_AUTO_IS_NULL=0[0m


Processing PagesController#home (for 127.0.0.1 at 2010-01-12 11:09:21) [GET]
Rendering template within layouts/application
Rendering pages/home
Rendered shared/_top_nav (0.1ms)
Rendered shared/_footer (0.1ms)
Completed in 13ms (View: 10, DB: 0) | 200 OK [http://localhost/pages/home]
  [4;36;1mSQL (0.1ms)[0m   [0;1mSET NAMES 'utf8'[0m
  [4;35;1mSQL (0.1ms)[0m   [0mSET SQL_AUTO_IS_NULL=0[0m


Processing PagesController#work (for 127.0.0.1 at 2010-01-12 11:09:33) [GET]
Rendering template within layouts/application
Rendering pages/work
Rendered shared/_top_nav (0.1ms)
Rendered shared/_footer (0.6ms)
Completed in 29ms (View: 20, DB: 0) | 200 OK [http://localhost/pages/work]
  [4;36;1mSQL (0.1ms)[0m   [0;1mSET NAMES 'utf8'[0m
  [4;35;1mSQL (0.1ms)[0m   [0mSET SQL_AUTO_IS_NULL=0[0m


Processing PagesController#work (for 127.0.0.1 at 2010-01-12 11:14:17) [GET]
Rendering template within layouts/application
Rendering pages/work

ActionView::TemplateError (undefined local variable or method `isActive' for #<ActionView::Base:0xb700a55c>) on line #3 of app/views/shared/_top_nav.html.erb:
1: <div class="navigation">
2:   <ul class='menu menu2'>
3:     <li <%= "class=\"active\"" if isActive -%>>
4:       <a href="/pages/home">Home</a>
5:     </li> 
6: 

    app/views/shared/_top_nav.html.erb:3
    app/views/layouts/application.html.erb:33

Rendered rescues/_trace (150.6ms)
Rendered rescues/_request_and_response (0.5ms)
Rendering rescues/layout (internal_server_error)
  [4;36;1mSQL (0.1ms)[0m   [0;1mSET NAMES 'utf8'[0m
  [4;35;1mSQL (0.1ms)[0m   [0mSET SQL_AUTO_IS_NULL=0[0m


Processing PagesController#work (for 127.0.0.1 at 2010-01-12 11:17:06) [GET]
Rendering template within layouts/application
Rendering pages/work

ActionView::TemplateError (undefined local variable or method `menu_entry' for #<ActionView::Base:0xb720b2d4>) on line #3 of app/views/shared/_top_nav.html.erb:
1: <div class="navigation">
2:   <ul class='menu menu2'>
3:     <% isActive = (menu_entry.link =~ /#{request.request_uri}/) && !request.    request_uri == '/' -%> 
4: 
5:     <li <%= "class=\"active\"" if isActive -%>>
6:       <a href="/pages/home">Home</a>

    app/views/shared/_top_nav.html.erb:3
    app/views/layouts/application.html.erb:33

Rendered rescues/_trace (78.1ms)
Rendered rescues/_request_and_response (0.4ms)
Rendering rescues/layout (internal_server_error)
  [4;36;1mSQL (0.1ms)[0m   [0;1mSET NAMES 'utf8'[0m
  [4;35;1mSQL (0.1ms)[0m   [0mSET SQL_AUTO_IS_NULL=0[0m


Processing PagesController#work (for 127.0.0.1 at 2010-01-12 11:20:24) [GET]
Rendering template within layouts/application
Rendering pages/work
Rendered shared/_top_nav (1.5ms)
Rendered shared/_footer (0.1ms)
Completed in 12ms (View: 9, DB: 0) | 200 OK [http://localhost/pages/work]
  [4;36;1mSQL (0.4ms)[0m   [0;1mSET NAMES 'utf8'[0m
  [4;35;1mSQL (0.4ms)[0m   [0mSET SQL_AUTO_IS_NULL=0[0m


Processing PagesController#home (for 127.0.0.1 at 2010-01-12 11:20:29) [GET]
Rendering template within layouts/application
Rendering pages/home
Rendered shared/_top_nav (0.2ms)
Rendered shared/_footer (0.1ms)
Completed in 6ms (View: 3, DB: 1) | 200 OK [http://localhost/pages/home]
  [4;36;1mSQL (0.3ms)[0m   [0;1mSET NAMES 'utf8'[0m
  [4;35;1mSQL (0.3ms)[0m   [0mSET SQL_AUTO_IS_NULL=0[0m


Processing PagesController#work (for 127.0.0.1 at 2010-01-12 11:20:31) [GET]
Rendering template within layouts/application
Rendering pages/work
Rendered shared/_top_nav (0.2ms)
Rendered shared/_footer (0.1ms)
Completed in 6ms (View: 3, DB: 1) | 200 OK [http://localhost/pages/work]
  [4;36;1mSQL (0.1ms)[0m   [0;1mSET NAMES 'utf8'[0m
  [4;35;1mSQL (0.4ms)[0m   [0mSET SQL_AUTO_IS_NULL=0[0m


Processing PagesController#home (for 127.0.0.1 at 2010-01-12 11:24:15) [GET]
Rendering template within layouts/application
Rendering pages/home
Rendered shared/_top_nav (1.1ms)
Rendered shared/_footer (0.1ms)
Completed in 13ms (View: 10, DB: 1) | 200 OK [http://localhost/pages/home]
  [4;36;1mSQL (0.1ms)[0m   [0;1mSET NAMES 'utf8'[0m
  [4;35;1mSQL (0.1ms)[0m   [0mSET SQL_AUTO_IS_NULL=0[0m


Processing PagesController#home (for 127.0.0.1 at 2010-01-12 11:27:08) [GET]
Rendering template within layouts/application
Rendering pages/home
Rendered shared/_top_nav (0.1ms)
Rendered shared/_footer (0.1ms)
Completed in 23ms (View: 20, DB: 0) | 200 OK [http://localhost/pages/home]
  [4;36;1mSQL (0.3ms)[0m   [0;1mSET NAMES 'utf8'[0m
  [4;35;1mSQL (0.3ms)[0m   [0mSET SQL_AUTO_IS_NULL=0[0m


Processing PagesController#home (for 127.0.0.1 at 2010-01-12 11:30:02) [GET]
Rendering template within layouts/application
Rendering pages/home
Rendered shared/_top_nav (0.2ms)
Rendered shared/_footer (0.1ms)
Completed in 83ms (View: 80, DB: 1) | 200 OK [http://localhost/pages/home]
  [4;36;1mSQL (0.1ms)[0m   [0;1mSET NAMES 'utf8'[0m
  [4;35;1mSQL (0.1ms)[0m   [0mSET SQL_AUTO_IS_NULL=0[0m


Processing PagesController#home (for 127.0.0.1 at 2010-01-12 11:36:21) [GET]
Rendering template within layouts/application
Rendering pages/home
Rendered shared/_top_nav (0.1ms)
Rendered shared/_footer (0.2ms)
Completed in 16ms (View: 13, DB: 0) | 200 OK [http://localhost/pages/home]
  [4;36;1mSQL (0.4ms)[0m   [0;1mSET NAMES 'utf8'[0m
  [4;35;1mSQL (0.3ms)[0m   [0mSET SQL_AUTO_IS_NULL=0[0m


Processing PagesController#home (for 127.0.0.1 at 2010-01-12 11:37:04) [GET]
Rendering template within layouts/application
Rendering pages/home
Rendered shared/_top_nav (0.9ms)
Rendered shared/_footer (0.2ms)
Completed in 27ms (View: 20, DB: 1) | 200 OK [http://localhost/pages/home]
  [4;36;1mSQL (0.4ms)[0m   [0;1mSET NAMES 'utf8'[0m
  [4;35;1mSQL (0.4ms)[0m   [0mSET SQL_AUTO_IS_NULL=0[0m


Processing ApplicationController#index (for 127.0.0.1 at 2010-01-12 11:37:05) [GET]

ActionController::RoutingError (No route matches "/stylesheets/images/ui-bg_gloss-wave_35_f6a828_500x100.png" with {:method=>:get}):
  

Rendering rescues/layout (not_found)
  [4;36;1mSQL (0.1ms)[0m   [0;1mSET NAMES 'utf8'[0m
  [4;35;1mSQL (0.2ms)[0m   [0mSET SQL_AUTO_IS_NULL=0[0m


Processing ApplicationController#index (for 127.0.0.1 at 2010-01-12 11:37:05) [GET]

ActionController::RoutingError (No route matches "/stylesheets/images/ui-bg_glass_65_ffffff_1x400.png" with {:method=>:get}):
  

Rendering rescues/layout (not_found)
  [4;36;1mSQL (0.1ms)[0m   [0;1mSET NAMES 'utf8'[0m
  [4;35;1mSQL (0.2ms)[0m   [0mSET SQL_AUTO_IS_NULL=0[0m


Processing ApplicationController#index (for 127.0.0.1 at 2010-01-12 11:37:05) [GET]

ActionController::RoutingError (No route matches "/stylesheets/images/ui-bg_glass_100_f6f6f6_1x400.png" with {:method=>:get}):
  

Rendering rescues/layout (not_found)
  [4;36;1mSQL (0.1ms)[0m   [0;1mSET NAMES 'utf8'[0m
  [4;35;1mSQL (0.1ms)[0m   [0mSET SQL_AUTO_IS_NULL=0[0m


Processing ApplicationController#index (for 127.0.0.1 at 2010-01-12 11:37:05) [GET]

ActionController::RoutingError (No route matches "/stylesheets/images/ui-bg_highlight-soft_100_eeeeee_1x100.png" with {:method=>:get}):
  

Rendering rescues/layout (not_found)
  [4;36;1mSQL (0.4ms)[0m   [0;1mSET NAMES 'utf8'[0m
  [4;35;1mSQL (0.3ms)[0m   [0mSET SQL_AUTO_IS_NULL=0[0m


Processing ApplicationController#index (for 127.0.0.1 at 2010-01-12 11:37:06) [GET]

ActionController::RoutingError (No route matches "/stylesheets/images/ui-bg_glass_100_fdf5ce_1x400.png" with {:method=>:get}):
  

Rendering rescues/layout (not_found)
  [4;36;1mSQL (0.3ms)[0m   [0;1mSET NAMES 'utf8'[0m
  [4;35;1mSQL (0.3ms)[0m   [0mSET SQL_AUTO_IS_NULL=0[0m


Processing PagesController#home (for 127.0.0.1 at 2010-01-12 11:37:50) [GET]
Rendering template within layouts/application
Rendering pages/home
Rendered shared/_top_nav (0.2ms)
Rendered shared/_footer (0.2ms)
Completed in 29ms (View: 22, DB: 1) | 200 OK [http://localhost/pages/home]
  [4;36;1mSQL (0.3ms)[0m   [0;1mSET NAMES 'utf8'[0m
  [4;35;1mSQL (0.3ms)[0m   [0mSET SQL_AUTO_IS_NULL=0[0m


Processing PagesController#home (for 127.0.0.1 at 2010-01-12 11:38:31) [GET]
Rendering template within layouts/application
Rendering pages/home
Rendered shared/_top_nav (0.2ms)
Rendered shared/_footer (0.1ms)
Completed in 8ms (View: 5, DB: 1) | 200 OK [http://localhost/pages/home]
  [4;36;1mSQL (0.1ms)[0m   [0;1mSET NAMES 'utf8'[0m
  [4;35;1mSQL (0.1ms)[0m   [0mSET SQL_AUTO_IS_NULL=0[0m


Processing PagesController#home (for 127.0.0.1 at 2010-01-12 11:39:32) [GET]
Rendering template within layouts/application
Rendering pages/home
Rendered shared/_top_nav (0.1ms)
Rendered shared/_footer (0.1ms)
Completed in 8ms (View: 5, DB: 0) | 200 OK [http://localhost/pages/home]
  [4;36;1mSQL (0.1ms)[0m   [0;1mSET NAMES 'utf8'[0m
  [4;35;1mSQL (0.1ms)[0m   [0mSET SQL_AUTO_IS_NULL=0[0m


Processing PagesController#home (for 127.0.0.1 at 2010-01-12 11:40:11) [GET]
Rendering template within layouts/application
Rendering pages/home
Rendered shared/_top_nav (0.1ms)
Rendered shared/_footer (0.1ms)
Completed in 9ms (View: 6, DB: 0) | 200 OK [http://localhost/pages/home]
  [4;36;1mSQL (0.3ms)[0m   [0;1mSET NAMES 'utf8'[0m
  [4;35;1mSQL (0.3ms)[0m   [0mSET SQL_AUTO_IS_NULL=0[0m


Processing PagesController#home (for 127.0.0.1 at 2010-01-12 11:41:06) [GET]
Rendering template within layouts/application
Rendering pages/home
Rendered shared/_top_nav (0.2ms)
Rendered shared/_footer (0.1ms)
Completed in 8ms (View: 5, DB: 1) | 200 OK [http://localhost/pages/home]
  [4;36;1mSQL (0.3ms)[0m   [0;1mSET NAMES 'utf8'[0m
  [4;35;1mSQL (0.3ms)[0m   [0mSET SQL_AUTO_IS_NULL=0[0m


Processing PagesController#home (for 127.0.0.1 at 2010-01-12 11:42:45) [GET]
Rendering template within layouts/application
Rendering pages/home
Rendered shared/_top_nav (0.2ms)
Rendered shared/_footer (0.2ms)
Completed in 15ms (View: 7, DB: 1) | 200 OK [http://localhost/pages/home]
  [4;36;1mSQL (0.1ms)[0m   [0;1mSET NAMES 'utf8'[0m
  [4;35;1mSQL (0.1ms)[0m   [0mSET SQL_AUTO_IS_NULL=0[0m


Processing PagesController#home (for 127.0.0.1 at 2010-01-12 11:44:06) [GET]
Rendering template within layouts/application
Rendering pages/home
Rendered shared/_top_nav (0.2ms)
Rendered shared/_footer (0.1ms)
Completed in 8ms (View: 5, DB: 0) | 200 OK [http://localhost/pages/home]
  [4;36;1mSQL (0.3ms)[0m   [0;1mSET NAMES 'utf8'[0m
  [4;35;1mSQL (0.3ms)[0m   [0mSET SQL_AUTO_IS_NULL=0[0m


Processing PagesController#home (for 127.0.0.1 at 2010-01-12 12:22:06) [GET]
Rendering template within layouts/application
Rendering pages/home
Rendered shared/_top_nav (0.2ms)
Rendered shared/_footer (0.1ms)
Completed in 24ms (View: 21, DB: 1) | 200 OK [http://localhost/pages/home]
  [4;36;1mSQL (0.1ms)[0m   [0;1mSET NAMES 'utf8'[0m
  [4;35;1mSQL (0.2ms)[0m   [0mSET SQL_AUTO_IS_NULL=0[0m


Processing PagesController#images to jpg (for 127.0.0.1 at 2010-01-12 12:22:07) [GET]
  Parameters: {"id"=>"01"}

ActionController::UnknownAction (No action responded to images. Actions: index):
  

Rendering rescues/layout (not_found)
  [4;36;1mSQL (0.1ms)[0m   [0;1mSET NAMES 'utf8'[0m
  [4;35;1mSQL (0.2ms)[0m   [0mSET SQL_AUTO_IS_NULL=0[0m


Processing PagesController#images to jpg (for 127.0.0.1 at 2010-01-12 12:22:07) [GET]
  Parameters: {"id"=>"02"}

ActionController::UnknownAction (No action responded to images. Actions: index):
  

Rendering rescues/layout (not_found)
  [4;36;1mSQL (0.1ms)[0m   [0;1mSET NAMES 'utf8'[0m
  [4;35;1mSQL (0.2ms)[0m   [0mSET SQL_AUTO_IS_NULL=0[0m


Processing PagesController#images to jpg (for 127.0.0.1 at 2010-01-12 12:22:07) [GET]
  Parameters: {"id"=>"04"}

ActionController::UnknownAction (No action responded to images. Actions: index):
  

Rendering rescues/layout (not_found)
  [4;36;1mSQL (0.9ms)[0m   [0;1mSET NAMES 'utf8'[0m
  [4;35;1mSQL (0.6ms)[0m   [0mSET SQL_AUTO_IS_NULL=0[0m


Processing PagesController#images to jpg (for 127.0.0.1 at 2010-01-12 12:22:07) [GET]
  Parameters: {"id"=>"03"}

ActionController::UnknownAction (No action responded to images. Actions: index):
  

Rendering rescues/layout (not_found)
  [4;36;1mSQL (0.2ms)[0m   [0;1mSET NAMES 'utf8'[0m
  [4;35;1mSQL (0.1ms)[0m   [0mSET SQL_AUTO_IS_NULL=0[0m


Processing PagesController#images to jpg (for 127.0.0.1 at 2010-01-12 12:22:07) [GET]
  Parameters: {"id"=>"05"}

ActionController::UnknownAction (No action responded to images. Actions: index):
  

Rendering rescues/layout (not_found)
  [4;36;1mSQL (0.3ms)[0m   [0;1mSET NAMES 'utf8'[0m
  [4;35;1mSQL (0.4ms)[0m   [0mSET SQL_AUTO_IS_NULL=0[0m


Processing PagesController#images to jpg (for 127.0.0.1 at 2010-01-12 12:22:23) [GET]
  Parameters: {"id"=>"01"}

ActionController::UnknownAction (No action responded to images. Actions: index):
  

Rendering rescues/layout (not_found)
  [4;36;1mSQL (0.1ms)[0m   [0;1mSET NAMES 'utf8'[0m
  [4;35;1mSQL (0.2ms)[0m   [0mSET SQL_AUTO_IS_NULL=0[0m


Processing PagesController#images to jpg (for 127.0.0.1 at 2010-01-12 12:22:23) [GET]
  Parameters: {"id"=>"02"}

ActionController::UnknownAction (No action responded to images. Actions: index):
  

Rendering rescues/layout (not_found)
  [4;36;1mSQL (0.1ms)[0m   [0;1mSET NAMES 'utf8'[0m
  [4;35;1mSQL (0.2ms)[0m   [0mSET SQL_AUTO_IS_NULL=0[0m


Processing PagesController#images to jpg (for 127.0.0.1 at 2010-01-12 12:22:23) [GET]
  Parameters: {"id"=>"03"}

ActionController::UnknownAction (No action responded to images. Actions: index):
  

Rendering rescues/layout (not_found)
  [4;36;1mSQL (0.1ms)[0m   [0;1mSET NAMES 'utf8'[0m
  [4;35;1mSQL (0.2ms)[0m   [0mSET SQL_AUTO_IS_NULL=0[0m


Processing PagesController#images to jpg (for 127.0.0.1 at 2010-01-12 12:22:23) [GET]
  Parameters: {"id"=>"04"}

ActionController::UnknownAction (No action responded to images. Actions: index):
  

Rendering rescues/layout (not_found)
  [4;36;1mSQL (0.1ms)[0m   [0;1mSET NAMES 'utf8'[0m
  [4;35;1mSQL (0.2ms)[0m   [0mSET SQL_AUTO_IS_NULL=0[0m


Processing PagesController#images to jpg (for 127.0.0.1 at 2010-01-12 12:22:23) [GET]
  Parameters: {"id"=>"05"}

ActionController::UnknownAction (No action responded to images. Actions: index):
  

Rendering rescues/layout (not_found)
  [4;36;1mSQL (0.4ms)[0m   [0;1mSET NAMES 'utf8'[0m
  [4;35;1mSQL (0.4ms)[0m   [0mSET SQL_AUTO_IS_NULL=0[0m


Processing PagesController#home (for 127.0.0.1 at 2010-01-12 12:23:15) [GET]
Rendering template within layouts/application
Rendering pages/home
Rendered shared/_top_nav (0.1ms)
Rendered shared/_footer (0.1ms)
Completed in 28ms (View: 22, DB: 1) | 200 OK [http://localhost/pages/home]
  [4;36;1mSQL (0.2ms)[0m   [0;1mSET NAMES 'utf8'[0m
  [4;35;1mSQL (0.2ms)[0m   [0mSET SQL_AUTO_IS_NULL=0[0m


Processing PagesController#images to jpg (for 127.0.0.1 at 2010-01-12 12:23:16) [GET]
  Parameters: {"id"=>"01"}

ActionController::UnknownAction (No action responded to images. Actions: index):
  

Rendering rescues/layout (not_found)
  [4;36;1mSQL (0.1ms)[0m   [0;1mSET NAMES 'utf8'[0m
  [4;35;1mSQL (0.2ms)[0m   [0mSET SQL_AUTO_IS_NULL=0[0m


Processing PagesController#images to jpg (for 127.0.0.1 at 2010-01-12 12:23:16) [GET]
  Parameters: {"id"=>"02"}

ActionController::UnknownAction (No action responded to images. Actions: index):
  

Rendering rescues/layout (not_found)
  [4;36;1mSQL (0.1ms)[0m   [0;1mSET NAMES 'utf8'[0m
  [4;35;1mSQL (0.1ms)[0m   [0mSET SQL_AUTO_IS_NULL=0[0m


Processing PagesController#images to jpg (for 127.0.0.1 at 2010-01-12 12:23:16) [GET]
  Parameters: {"id"=>"03"}

ActionController::UnknownAction (No action responded to images. Actions: index):
  

Rendering rescues/layout (not_found)
  [4;36;1mSQL (0.1ms)[0m   [0;1mSET NAMES 'utf8'[0m
  [4;35;1mSQL (0.2ms)[0m   [0mSET SQL_AUTO_IS_NULL=0[0m


Processing PagesController#images to jpg (for 127.0.0.1 at 2010-01-12 12:23:16) [GET]
  Parameters: {"id"=>"04"}

ActionController::UnknownAction (No action responded to images. Actions: index):
  

Rendering rescues/layout (not_found)
  [4;36;1mSQL (0.1ms)[0m   [0;1mSET NAMES 'utf8'[0m
  [4;35;1mSQL (0.2ms)[0m   [0mSET SQL_AUTO_IS_NULL=0[0m


Processing PagesController#images to jpg (for 127.0.0.1 at 2010-01-12 12:23:16) [GET]
  Parameters: {"id"=>"05"}

ActionController::UnknownAction (No action responded to images. Actions: index):
  

Rendering rescues/layout (not_found)
  [4;36;1mSQL (0.1ms)[0m   [0;1mSET NAMES 'utf8'[0m
  [4;35;1mSQL (0.1ms)[0m   [0mSET SQL_AUTO_IS_NULL=0[0m


Processing PagesController#home (for 127.0.0.1 at 2010-01-12 12:27:30) [GET]
Rendering template within layouts/application
Rendering pages/home
Rendered shared/_top_nav (0.1ms)
Rendered shared/_footer (0.1ms)
Completed in 18ms (View: 15, DB: 0) | 200 OK [http://localhost/pages/home]
  [4;36;1mSQL (0.4ms)[0m   [0;1mSET NAMES 'utf8'[0m
  [4;35;1mSQL (0.5ms)[0m   [0mSET SQL_AUTO_IS_NULL=0[0m


Processing PagesController#images to jpg (for 127.0.0.1 at 2010-01-12 12:27:31) [GET]
  Parameters: {"id"=>"01"}

ActionController::UnknownAction (No action responded to images. Actions: index):
  

Rendering rescues/layout (not_found)
  [4;36;1mSQL (0.1ms)[0m   [0;1mSET NAMES 'utf8'[0m
  [4;35;1mSQL (0.2ms)[0m   [0mSET SQL_AUTO_IS_NULL=0[0m


Processing PagesController#images to jpg (for 127.0.0.1 at 2010-01-12 12:27:31) [GET]
  Parameters: {"id"=>"02"}

ActionController::UnknownAction (No action responded to images. Actions: index):
  

Rendering rescues/layout (not_found)
  [4;36;1mSQL (0.1ms)[0m   [0;1mSET NAMES 'utf8'[0m
  [4;35;1mSQL (0.2ms)[0m   [0mSET SQL_AUTO_IS_NULL=0[0m


Processing PagesController#images to jpg (for 127.0.0.1 at 2010-01-12 12:27:31) [GET]
  Parameters: {"id"=>"03"}

ActionController::UnknownAction (No action responded to images. Actions: index):
  

Rendering rescues/layout (not_found)
  [4;36;1mSQL (0.1ms)[0m   [0;1mSET NAMES 'utf8'[0m
  [4;35;1mSQL (0.2ms)[0m   [0mSET SQL_AUTO_IS_NULL=0[0m


Processing PagesController#images to jpg (for 127.0.0.1 at 2010-01-12 12:27:31) [GET]
  Parameters: {"id"=>"04"}

ActionController::UnknownAction (No action responded to images. Actions: index):
  

Rendering rescues/layout (not_found)
  [4;36;1mSQL (0.1ms)[0m   [0;1mSET NAMES 'utf8'[0m
  [4;35;1mSQL (0.2ms)[0m   [0mSET SQL_AUTO_IS_NULL=0[0m


Processing PagesController#images to jpg (for 127.0.0.1 at 2010-01-12 12:27:31) [GET]
  Parameters: {"id"=>"05"}

ActionController::UnknownAction (No action responded to images. Actions: index):
  

Rendering rescues/layout (not_found)
  [4;36;1mSQL (0.1ms)[0m   [0;1mSET NAMES 'utf8'[0m
  [4;35;1mSQL (0.1ms)[0m   [0mSET SQL_AUTO_IS_NULL=0[0m


Processing PagesController#home (for 127.0.0.1 at 2010-01-12 12:28:27) [GET]
Rendering template within layouts/application
Rendering pages/home
Rendered shared/_top_nav (0.1ms)
Rendered shared/_footer (0.1ms)
Completed in 17ms (View: 12, DB: 0) | 200 OK [http://localhost/pages/home]
  [4;36;1mSQL (0.1ms)[0m   [0;1mSET NAMES 'utf8'[0m
  [4;35;1mSQL (1.3ms)[0m   [0mSET SQL_AUTO_IS_NULL=0[0m


Processing PagesController#images to jpg (for 127.0.0.1 at 2010-01-12 12:28:28) [GET]
  Parameters: {"id"=>"01"}

ActionController::UnknownAction (No action responded to images. Actions: index):
  

Rendering rescues/layout (not_found)
  [4;36;1mSQL (0.1ms)[0m   [0;1mSET NAMES 'utf8'[0m
  [4;35;1mSQL (0.2ms)[0m   [0mSET SQL_AUTO_IS_NULL=0[0m


Processing PagesController#images to jpg (for 127.0.0.1 at 2010-01-12 12:28:28) [GET]
  Parameters: {"id"=>"02"}

ActionController::UnknownAction (No action responded to images. Actions: index):
  

Rendering rescues/layout (not_found)
  [4;36;1mSQL (0.2ms)[0m   [0;1mSET NAMES 'utf8'[0m
  [4;35;1mSQL (0.1ms)[0m   [0mSET SQL_AUTO_IS_NULL=0[0m


Processing PagesController#images to jpg (for 127.0.0.1 at 2010-01-12 12:28:28) [GET]
  Parameters: {"id"=>"03"}

ActionController::UnknownAction (No action responded to images. Actions: index):
  

Rendering rescues/layout (not_found)
  [4;36;1mSQL (0.1ms)[0m   [0;1mSET NAMES 'utf8'[0m
  [4;35;1mSQL (0.2ms)[0m   [0mSET SQL_AUTO_IS_NULL=0[0m


Processing PagesController#images to jpg (for 127.0.0.1 at 2010-01-12 12:28:28) [GET]
  Parameters: {"id"=>"04"}

ActionController::UnknownAction (No action responded to images. Actions: index):
  

Rendering rescues/layout (not_found)
  [4;36;1mSQL (0.2ms)[0m   [0;1mSET NAMES 'utf8'[0m
  [4;35;1mSQL (0.1ms)[0m   [0mSET SQL_AUTO_IS_NULL=0[0m


Processing PagesController#images to jpg (for 127.0.0.1 at 2010-01-12 12:28:28) [GET]
  Parameters: {"id"=>"05"}

ActionController::UnknownAction (No action responded to images. Actions: index):
  

Rendering rescues/layout (not_found)
  [4;36;1mSQL (0.1ms)[0m   [0;1mSET NAMES 'utf8'[0m
  [4;35;1mSQL (0.1ms)[0m   [0mSET SQL_AUTO_IS_NULL=0[0m


Processing PagesController#home (for 127.0.0.1 at 2010-01-12 12:30:58) [GET]
Rendering template within layouts/application
Rendering pages/home
Rendered shared/_top_nav (0.2ms)
Rendered shared/_footer (0.1ms)
Completed in 16ms (View: 13, DB: 0) | 200 OK [http://localhost/pages/home]
  [4;36;1mSQL (0.1ms)[0m   [0;1mSET NAMES 'utf8'[0m
  [4;35;1mSQL (0.1ms)[0m   [0mSET SQL_AUTO_IS_NULL=0[0m


Processing PagesController#images to jpg (for 127.0.0.1 at 2010-01-12 12:30:58) [GET]
  Parameters: {"id"=>"02"}

ActionController::UnknownAction (No action responded to images. Actions: index):
  

Rendering rescues/layout (not_found)
  [4;36;1mSQL (0.1ms)[0m   [0;1mSET NAMES 'utf8'[0m
  [4;35;1mSQL (0.2ms)[0m   [0mSET SQL_AUTO_IS_NULL=0[0m


Processing PagesController#images to jpg (for 127.0.0.1 at 2010-01-12 12:30:58) [GET]
  Parameters: {"id"=>"03"}

ActionController::UnknownAction (No action responded to images. Actions: index):
  

Rendering rescues/layout (not_found)
  [4;36;1mSQL (0.1ms)[0m   [0;1mSET NAMES 'utf8'[0m
  [4;35;1mSQL (0.2ms)[0m   [0mSET SQL_AUTO_IS_NULL=0[0m


Processing PagesController#images to jpg (for 127.0.0.1 at 2010-01-12 12:30:59) [GET]
  Parameters: {"id"=>"04"}

ActionController::UnknownAction (No action responded to images. Actions: index):
  

Rendering rescues/layout (not_found)
  [4;36;1mSQL (0.1ms)[0m   [0;1mSET NAMES 'utf8'[0m
  [4;35;1mSQL (0.2ms)[0m   [0mSET SQL_AUTO_IS_NULL=0[0m


Processing PagesController#images to jpg (for 127.0.0.1 at 2010-01-12 12:30:59) [GET]
  Parameters: {"id"=>"05"}

ActionController::UnknownAction (No action responded to images. Actions: index):
  

Rendering rescues/layout (not_found)
  [4;36;1mSQL (0.1ms)[0m   [0;1mSET NAMES 'utf8'[0m
  [4;35;1mSQL (0.1ms)[0m   [0mSET SQL_AUTO_IS_NULL=0[0m


Processing PagesController#home (for 127.0.0.1 at 2010-01-12 12:32:40) [GET]
Rendering template within layouts/application
Rendering pages/home
Rendered shared/_top_nav (0.2ms)
Rendered shared/_footer (0.1ms)
Completed in 18ms (View: 14, DB: 0) | 200 OK [http://localhost/pages/home]
  [4;36;1mSQL (0.1ms)[0m   [0;1mSET NAMES 'utf8'[0m
  [4;35;1mSQL (0.1ms)[0m   [0mSET SQL_AUTO_IS_NULL=0[0m


Processing PagesController#home (for 127.0.0.1 at 2010-01-12 12:39:36) [GET]
Rendering template within layouts/application
Rendering pages/home
Rendered shared/_top_nav (1.2ms)
Rendered shared/_footer (0.1ms)
Completed in 19ms (View: 12, DB: 0) | 200 OK [http://localhost/pages/home]
  [4;36;1mSQL (0.1ms)[0m   [0;1mSET NAMES 'utf8'[0m
  [4;35;1mSQL (0.1ms)[0m   [0mSET SQL_AUTO_IS_NULL=0[0m


Processing PagesController#home (for 127.0.0.1 at 2010-01-12 12:40:39) [GET]
Rendering template within layouts/application
Rendering pages/home
Rendered shared/_top_nav (0.1ms)
Rendered shared/_footer (0.2ms)
Completed in 65ms (View: 52, DB: 0) | 200 OK [http://localhost/pages/home]
  [4;36;1mSQL (0.1ms)[0m   [0;1mSET NAMES 'utf8'[0m
  [4;35;1mSQL (0.1ms)[0m   [0mSET SQL_AUTO_IS_NULL=0[0m


Processing PagesController#home (for 127.0.0.1 at 2010-01-12 12:41:11) [GET]
Rendering template within layouts/application
Rendering pages/home
Rendered shared/_top_nav (0.2ms)
Rendered shared/_footer (0.1ms)
Completed in 10ms (View: 6, DB: 0) | 200 OK [http://localhost/pages/home]
  [4;36;1mSQL (0.1ms)[0m   [0;1mSET NAMES 'utf8'[0m
  [4;35;1mSQL (0.1ms)[0m   [0mSET SQL_AUTO_IS_NULL=0[0m


Processing PagesController#work (for 127.0.0.1 at 2010-01-12 12:41:26) [GET]
Rendering template within layouts/application
Rendering pages/work
Rendered shared/_top_nav (0.2ms)
Rendered shared/_footer (0.1ms)
Completed in 8ms (View: 5, DB: 0) | 200 OK [http://localhost/pages/work]
  [4;36;1mSQL (0.3ms)[0m   [0;1mSET NAMES 'utf8'[0m
  [4;35;1mSQL (0.3ms)[0m   [0mSET SQL_AUTO_IS_NULL=0[0m


Processing PagesController#home (for 127.0.0.1 at 2010-01-12 12:43:18) [GET]
Rendering template within layouts/application
Rendering pages/home
Rendered shared/_top_nav (0.1ms)
Rendered shared/_footer (0.1ms)
Completed in 18ms (View: 15, DB: 1) | 200 OK [http://localhost/pages/home]
  [4;36;1mSQL (0.1ms)[0m   [0;1mSET NAMES 'utf8'[0m
  [4;35;1mSQL (0.1ms)[0m   [0mSET SQL_AUTO_IS_NULL=0[0m


Processing PagesController#home (for 127.0.0.1 at 2010-01-12 12:47:56) [GET]
Rendering template within layouts/application
Rendering pages/home
Rendered shared/_top_nav (0.1ms)
Rendered shared/_footer (0.1ms)
Completed in 21ms (View: 13, DB: 0) | 200 OK [http://localhost/pages/home]
  [4;36;1mSQL (0.3ms)[0m   [0;1mSET NAMES 'utf8'[0m
  [4;35;1mSQL (0.3ms)[0m   [0mSET SQL_AUTO_IS_NULL=0[0m


Processing PagesController#home (for 127.0.0.1 at 2010-01-12 12:50:00) [GET]
Rendering template within layouts/application
Rendering pages/home
Rendered shared/_top_nav (0.1ms)
Rendered shared/_footer (0.1ms)
Completed in 32ms (View: 23, DB: 1) | 200 OK [http://localhost/pages/home]
  [4;36;1mSQL (0.3ms)[0m   [0;1mSET NAMES 'utf8'[0m
  [4;35;1mSQL (0.3ms)[0m   [0mSET SQL_AUTO_IS_NULL=0[0m


Processing PagesController#home (for 127.0.0.1 at 2010-01-12 12:51:14) [GET]
Rendering template within layouts/application
Rendering pages/home
Rendered shared/_top_nav (0.1ms)
Rendered shared/_footer (0.1ms)
Completed in 17ms (View: 14, DB: 1) | 200 OK [http://localhost/pages/home]
  [4;36;1mSQL (0.1ms)[0m   [0;1mSET NAMES 'utf8'[0m
  [4;35;1mSQL (0.1ms)[0m   [0mSET SQL_AUTO_IS_NULL=0[0m


Processing PagesController#home (for 127.0.0.1 at 2010-01-12 12:53:42) [GET]
Rendering template within layouts/application
Rendering pages/home
Rendered shared/_top_nav (0.1ms)
Rendered shared/_footer (0.2ms)
Completed in 35ms (View: 29, DB: 0) | 200 OK [http://localhost/pages/home]
  [4;36;1mSQL (0.2ms)[0m   [0;1mSET NAMES 'utf8'[0m
  [4;35;1mSQL (0.1ms)[0m   [0mSET SQL_AUTO_IS_NULL=0[0m


Processing PagesController#home (for 127.0.0.1 at 2010-01-12 12:54:29) [GET]
Rendering template within layouts/application
Rendering pages/home
Rendered shared/_top_nav (0.1ms)
Rendered shared/_footer (0.1ms)
Completed in 11ms (View: 7, DB: 0) | 200 OK [http://localhost/pages/home]
  [4;36;1mSQL (0.3ms)[0m   [0;1mSET NAMES 'utf8'[0m
  [4;35;1mSQL (0.3ms)[0m   [0mSET SQL_AUTO_IS_NULL=0[0m


Processing PagesController#home (for 127.0.0.1 at 2010-01-12 12:54:56) [GET]
Rendering template within layouts/application
Rendering pages/home
Rendered shared/_top_nav (0.2ms)
Rendered shared/_footer (0.1ms)
Completed in 9ms (View: 6, DB: 1) | 200 OK [http://localhost/pages/home]
  [4;36;1mSQL (0.1ms)[0m   [0;1mSET NAMES 'utf8'[0m
  [4;35;1mSQL (0.1ms)[0m   [0mSET SQL_AUTO_IS_NULL=0[0m


Processing PagesController#home (for 127.0.0.1 at 2010-01-12 12:56:48) [GET]
Rendering template within layouts/application
Rendering pages/home
Rendered shared/_top_nav (0.1ms)
Rendered shared/_footer (0.2ms)
Completed in 25ms (View: 19, DB: 0) | 200 OK [http://localhost/]
  [4;36;1mSQL (0.3ms)[0m   [0;1mSET NAMES 'utf8'[0m
  [4;35;1mSQL (0.3ms)[0m   [0mSET SQL_AUTO_IS_NULL=0[0m


Processing PagesController#home (for 24.158.227.225 at 2010-01-12 13:03:04) [GET]
Rendering template within layouts/application
Rendering pages/home
Rendered shared/_top_nav (0.2ms)
Rendered shared/_footer (0.1ms)
Completed in 9ms (View: 6, DB: 1) | 200 OK [http://baroquon.com/]
  [4;36;1mSQL (0.3ms)[0m   [0;1mSET NAMES 'utf8'[0m
  [4;35;1mSQL (0.3ms)[0m   [0mSET SQL_AUTO_IS_NULL=0[0m


Processing PagesController#home (for 24.158.227.225 at 2010-01-12 13:07:26) [GET]
Rendering template within layouts/application
Rendering pages/home
Rendered shared/_top_nav (0.1ms)
Rendered shared/_footer (0.1ms)
Completed in 8ms (View: 5, DB: 1) | 200 OK [http://baroquon.com/]
  [4;36;1mSQL (0.3ms)[0m   [0;1mSET NAMES 'utf8'[0m
  [4;35;1mSQL (0.3ms)[0m   [0mSET SQL_AUTO_IS_NULL=0[0m


Processing PagesController#home (for 24.158.227.225 at 2010-01-12 13:09:34) [GET]
Rendering template within layouts/application
Rendering pages/home
Rendered shared/_top_nav (0.2ms)
Rendered shared/_footer (0.1ms)
Completed in 10ms (View: 6, DB: 1) | 200 OK [http://baroquon.com/]
  [4;36;1mSQL (0.4ms)[0m   [0;1mSET NAMES 'utf8'[0m
  [4;35;1mSQL (0.4ms)[0m   [0mSET SQL_AUTO_IS_NULL=0[0m


Processing PagesController#home (for 24.158.227.225 at 2010-01-12 13:11:00) [GET]
Rendering template within layouts/application
Rendering pages/home
Rendered shared/_top_nav (0.1ms)
Rendered shared/_footer (0.1ms)
Completed in 17ms (View: 14, DB: 1) | 200 OK [http://baroquon.com/]
  [4;36;1mSQL (0.3ms)[0m   [0;1mSET NAMES 'utf8'[0m
  [4;35;1mSQL (0.3ms)[0m   [0mSET SQL_AUTO_IS_NULL=0[0m


Processing PagesController#home (for 24.158.227.225 at 2010-01-12 13:13:48) [GET]
Rendering template within layouts/application
Rendering pages/home
Rendered shared/_top_nav (0.1ms)
Rendered shared/_footer (0.1ms)
Completed in 9ms (View: 6, DB: 1) | 200 OK [http://baroquon.com/]
  [4;36;1mSQL (0.3ms)[0m   [0;1mSET NAMES 'utf8'[0m
  [4;35;1mSQL (0.3ms)[0m   [0mSET SQL_AUTO_IS_NULL=0[0m


Processing PagesController#home (for 70.148.58.242 at 2010-01-12 13:23:48) [GET]
Rendering template within layouts/application
Rendering pages/home
Rendered shared/_top_nav (0.1ms)
Rendered shared/_footer (0.1ms)
Completed in 10ms (View: 6, DB: 1) | 200 OK [http://baroquon.com/]
  [4;36;1mSQL (0.3ms)[0m   [0;1mSET NAMES 'utf8'[0m
  [4;35;1mSQL (0.3ms)[0m   [0mSET SQL_AUTO_IS_NULL=0[0m


Processing PagesController#home (for 24.158.227.225 at 2010-01-12 13:23:59) [GET]
Rendering template within layouts/application
Rendering pages/home
Rendered shared/_top_nav (0.1ms)
Rendered shared/_footer (0.1ms)
Completed in 10ms (View: 7, DB: 1) | 200 OK [http://baroquon.com/]
  [4;36;1mSQL (0.1ms)[0m   [0;1mSET NAMES 'utf8'[0m
  [4;35;1mSQL (0.2ms)[0m   [0mSET SQL_AUTO_IS_NULL=0[0m


Processing PagesController#client_resources (for 70.148.58.242 at 2010-01-12 13:29:53) [GET]
Rendering template within layouts/application
Rendering pages/client_resources
Rendered shared/_top_nav (0.1ms)
Rendered shared/_footer (0.1ms)
Completed in 19ms (View: 11, DB: 0) | 200 OK [http://baroquon.com/pages/client_resources]
  [4;36;1mSQL (0.1ms)[0m   [0;1mSET NAMES 'utf8'[0m
  [4;35;1mSQL (0.1ms)[0m   [0mSET SQL_AUTO_IS_NULL=0[0m


Processing ApplicationController#index (for 70.148.58.242 at 2010-01-12 13:29:53) [GET]

ActionController::RoutingError (No route matches "/pages/favicon.ico" with {:method=>:get}):
  

Rendering rescues/layout (not_found)
  [4;36;1mSQL (0.3ms)[0m   [0;1mSET NAMES 'utf8'[0m
  [4;35;1mSQL (0.3ms)[0m   [0mSET SQL_AUTO_IS_NULL=0[0m


Processing ApplicationController#index (for 70.148.58.242 at 2010-01-12 13:29:56) [GET]

ActionController::RoutingError (No route matches "/pages/favicon.ico" with {:method=>:get}):
  

Rendering rescues/layout (not_found)
  [4;36;1mSQL (0.3ms)[0m   [0;1mSET NAMES 'utf8'[0m
  [4;35;1mSQL (0.3ms)[0m   [0mSET SQL_AUTO_IS_NULL=0[0m


Processing ApplicationController#index (for 70.148.58.242 at 2010-01-12 13:29:56) [GET]

ActionController::RoutingError (No route matches "/pages/favicon.ico" with {:method=>:get}):
  

Rendering rescues/layout (not_found)
  [4;36;1mSQL (0.3ms)[0m   [0;1mSET NAMES 'utf8'[0m
  [4;35;1mSQL (0.3ms)[0m   [0mSET SQL_AUTO_IS_NULL=0[0m


Processing PagesController#what_we_do (for 70.148.58.242 at 2010-01-12 13:30:05) [GET]
Rendering template within layouts/application
Rendering pages/what_we_do
Rendered shared/_top_nav (0.1ms)
Rendered shared/_footer (0.1ms)
Completed in 13ms (View: 6, DB: 1) | 200 OK [http://baroquon.com/pages/what_we_do]
  [4;36;1mSQL (0.3ms)[0m   [0;1mSET NAMES 'utf8'[0m
  [4;35;1mSQL (0.3ms)[0m   [0mSET SQL_AUTO_IS_NULL=0[0m


Processing PagesController#work (for 70.148.58.242 at 2010-01-12 13:30:09) [GET]
Rendering template within layouts/application
Rendering pages/work
Rendered shared/_top_nav (0.1ms)
Rendered shared/_footer (0.1ms)
Completed in 8ms (View: 5, DB: 1) | 200 OK [http://baroquon.com/pages/work]
  [4;36;1mSQL (0.3ms)[0m   [0;1mSET NAMES 'utf8'[0m
  [4;35;1mSQL (0.3ms)[0m   [0mSET SQL_AUTO_IS_NULL=0[0m


Processing PagesController#work (for 70.148.58.242 at 2010-01-12 13:30:15) [GET]
Rendering template within layouts/application
Rendering pages/work
Rendered shared/_top_nav (0.1ms)
Rendered shared/_footer (0.1ms)
Completed in 9ms (View: 6, DB: 1) | 200 OK [http://baroquon.com/pages/work]
  [4;36;1mSQL (0.3ms)[0m   [0;1mSET NAMES 'utf8'[0m
  [4;35;1mSQL (0.3ms)[0m   [0mSET SQL_AUTO_IS_NULL=0[0m


Processing PagesController#home (for 70.148.58.242 at 2010-01-12 13:30:16) [GET]
Rendering template within layouts/application
Rendering pages/home
Rendered shared/_top_nav (0.1ms)
Rendered shared/_footer (0.1ms)
Completed in 9ms (View: 6, DB: 1) | 200 OK [http://baroquon.com/pages/home]
  [4;36;1mSQL (0.3ms)[0m   [0;1mSET NAMES 'utf8'[0m
  [4;35;1mSQL (0.3ms)[0m   [0mSET SQL_AUTO_IS_NULL=0[0m


Processing PagesController#home (for 70.148.58.242 at 2010-01-12 13:30:27) [GET]
Rendering template within layouts/application
Rendering pages/home
Rendered shared/_top_nav (0.1ms)
Rendered shared/_footer (0.2ms)
Completed in 10ms (View: 7, DB: 1) | 200 OK [http://baroquon.com/pages/home]
  [4;36;1mSQL (0.5ms)[0m   [0;1mSET NAMES 'utf8'[0m
  [4;35;1mSQL (0.3ms)[0m   [0mSET SQL_AUTO_IS_NULL=0[0m


Processing PagesController#client_resources (for 70.148.58.242 at 2010-01-12 13:30:29) [GET]
Rendering template within layouts/application
Rendering pages/client_resources
Rendered shared/_top_nav (0.1ms)
Rendered shared/_footer (0.1ms)
Completed in 10ms (View: 6, DB: 1) | 200 OK [http://baroquon.com/pages/client_resources]
  [4;36;1mSQL (0.3ms)[0m   [0;1mSET NAMES 'utf8'[0m
  [4;35;1mSQL (0.3ms)[0m   [0mSET SQL_AUTO_IS_NULL=0[0m


Processing ApplicationController#index (for 70.148.58.242 at 2010-01-12 13:30:34) [GET]

ActionController::RoutingError (No route matches "/articles" with {:method=>:get}):
  

Rendering rescues/layout (not_found)
  [4;36;1mSQL (0.2ms)[0m   [0;1mSET NAMES 'utf8'[0m
  [4;35;1mSQL (0.2ms)[0m   [0mSET SQL_AUTO_IS_NULL=0[0m


Processing PagesController#client_resources (for 70.148.58.242 at 2010-01-12 13:30:43) [GET]
Rendering template within layouts/application
Rendering pages/client_resources
Rendered shared/_top_nav (0.2ms)
Rendered shared/_footer (0.1ms)
Completed in 86ms (View: 83, DB: 0) | 200 OK [http://baroquon.com/pages/client_resources]
  [4;36;1mSQL (0.3ms)[0m   [0;1mSET NAMES 'utf8'[0m
  [4;35;1mSQL (0.3ms)[0m   [0mSET SQL_AUTO_IS_NULL=0[0m


Processing PagesController#what_we_do (for 70.148.58.242 at 2010-01-12 13:31:16) [GET]
Rendering template within layouts/application
Rendering pages/what_we_do
Rendered shared/_top_nav (0.1ms)
Rendered shared/_footer (0.1ms)
Completed in 11ms (View: 7, DB: 1) | 200 OK [http://baroquon.com/pages/what_we_do]
  [4;36;1mSQL (0.3ms)[0m   [0;1mSET NAMES 'utf8'[0m
  [4;35;1mSQL (0.4ms)[0m   [0mSET SQL_AUTO_IS_NULL=0[0m


Processing PagesController#home (for 24.158.227.225 at 2010-01-12 13:31:20) [GET]
Rendering template within layouts/application
Rendering pages/home
Rendered shared/_top_nav (0.2ms)
Rendered shared/_footer (0.1ms)
Completed in 13ms (View: 6, DB: 1) | 200 OK [http://baroquon.com/]
  [4;36;1mSQL (0.1ms)[0m   [0;1mSET NAMES 'utf8'[0m
  [4;35;1mSQL (0.1ms)[0m   [0mSET SQL_AUTO_IS_NULL=0[0m


Processing PagesController#home (for 70.148.58.242 at 2010-01-12 13:31:25) [GET]
Rendering template within layouts/application
Rendering pages/home
Rendered shared/_top_nav (0.1ms)
Rendered shared/_footer (0.1ms)
Completed in 9ms (View: 6, DB: 0) | 200 OK [http://baroquon.com/pages/home]
  [4;36;1mSQL (0.3ms)[0m   [0;1mSET NAMES 'utf8'[0m
  [4;35;1mSQL (0.3ms)[0m   [0mSET SQL_AUTO_IS_NULL=0[0m


Processing PagesController#home (for 24.158.227.225 at 2010-01-12 13:32:02) [GET]
Rendering template within layouts/application
Rendering pages/home
Rendered shared/_top_nav (0.2ms)
Rendered shared/_footer (0.1ms)
Completed in 8ms (View: 5, DB: 1) | 200 OK [http://baroquon.com/]
  [4;36;1mSQL (0.2ms)[0m   [0;1mSET NAMES 'utf8'[0m
  [4;35;1mSQL (0.1ms)[0m   [0mSET SQL_AUTO_IS_NULL=0[0m


Processing PagesController#home (for 24.158.227.225 at 2010-01-12 13:32:42) [GET]
Rendering template within layouts/application
Rendering pages/home
Rendered shared/_top_nav (0.1ms)
Rendered shared/_footer (0.1ms)
Completed in 12ms (View: 6, DB: 0) | 200 OK [http://baroquon.com/]
  [4;36;1mSQL (0.2ms)[0m   [0;1mSET NAMES 'utf8'[0m
  [4;35;1mSQL (0.2ms)[0m   [0mSET SQL_AUTO_IS_NULL=0[0m


Processing PagesController#home (for 24.158.227.225 at 2010-01-12 13:33:00) [GET]
Rendering template within layouts/application
Rendering pages/home
Rendered shared/_top_nav (0.2ms)
Rendered shared/_footer (0.1ms)
Completed in 9ms (View: 6, DB: 0) | 200 OK [http://baroquon.com/]
  [4;36;1mSQL (0.3ms)[0m   [0;1mSET NAMES 'utf8'[0m
  [4;35;1mSQL (0.3ms)[0m   [0mSET SQL_AUTO_IS_NULL=0[0m


Processing PagesController#home (for 24.158.227.225 at 2010-01-12 13:33:39) [GET]
Rendering template within layouts/application
Rendering pages/home
Rendered shared/_top_nav (0.1ms)
Rendered shared/_footer (0.1ms)
Completed in 16ms (View: 7, DB: 1) | 200 OK [http://baroquon.com/]
  [4;36;1mSQL (0.3ms)[0m   [0;1mSET NAMES 'utf8'[0m
  [4;35;1mSQL (0.3ms)[0m   [0mSET SQL_AUTO_IS_NULL=0[0m


Processing PagesController#home (for 127.0.0.1 at 2010-01-12 13:33:52) [GET]
Rendering template within layouts/application
Rendering pages/home
Rendered shared/_top_nav (0.1ms)
Rendered shared/_footer (0.1ms)
Completed in 9ms (View: 6, DB: 1) | 200 OK [http://localhost/]
  [4;36;1mSQL (0.3ms)[0m   [0;1mSET NAMES 'utf8'[0m
  [4;35;1mSQL (0.3ms)[0m   [0mSET SQL_AUTO_IS_NULL=0[0m


Processing PagesController#home (for 127.0.0.1 at 2010-01-12 13:34:10) [GET]
Rendering template within layouts/application
Rendering pages/home
Rendered shared/_top_nav (0.1ms)
Rendered shared/_footer (0.1ms)
Completed in 9ms (View: 6, DB: 1) | 200 OK [http://localhost/]
  [4;36;1mSQL (0.3ms)[0m   [0;1mSET NAMES 'utf8'[0m
  [4;35;1mSQL (0.3ms)[0m   [0mSET SQL_AUTO_IS_NULL=0[0m


Processing PagesController#home (for 127.0.0.1 at 2010-01-12 13:34:52) [GET]
Rendering template within layouts/application
Rendering pages/home
Rendered shared/_top_nav (0.1ms)
Rendered shared/_footer (0.1ms)
Completed in 9ms (View: 6, DB: 1) | 200 OK [http://localhost/]
  [4;36;1mSQL (0.5ms)[0m   [0;1mSET NAMES 'utf8'[0m
  [4;35;1mSQL (0.4ms)[0m   [0mSET SQL_AUTO_IS_NULL=0[0m


Processing PagesController#home (for 127.0.0.1 at 2010-01-12 14:17:59) [GET]
Rendering template within layouts/application
Rendering pages/home
Rendered shared/_top_nav (0.1ms)
Rendered shared/_footer (0.2ms)
Completed in 17ms (View: 13, DB: 1) | 200 OK [http://localhost/]
  [4;36;1mSQL (0.4ms)[0m   [0;1mSET NAMES 'utf8'[0m
  [4;35;1mSQL (0.4ms)[0m   [0mSET SQL_AUTO_IS_NULL=0[0m


Processing PagesController#home (for 127.0.0.1 at 2010-01-12 14:18:25) [GET]
Rendering template within layouts/application
Rendering pages/home
Rendered shared/_top_nav (0.2ms)
Rendered shared/_footer (0.1ms)
Completed in 18ms (View: 15, DB: 1) | 200 OK [http://localhost/]
  [4;36;1mSQL (0.4ms)[0m   [0;1mSET NAMES 'utf8'[0m
  [4;35;1mSQL (0.4ms)[0m   [0mSET SQL_AUTO_IS_NULL=0[0m


Processing PagesController#what_we_do (for 127.0.0.1 at 2010-01-12 14:20:42) [GET]
Rendering template within layouts/application
Rendering pages/what_we_do
Rendered shared/_top_nav (0.1ms)
Rendered shared/_footer (0.1ms)
Completed in 9ms (View: 6, DB: 1) | 200 OK [http://localhost/pages/what_we_do]
  [4;36;1mSQL (0.4ms)[0m   [0;1mSET NAMES 'utf8'[0m
  [4;35;1mSQL (0.4ms)[0m   [0mSET SQL_AUTO_IS_NULL=0[0m


Processing PagesController#work (for 127.0.0.1 at 2010-01-12 14:20:47) [GET]
Rendering template within layouts/application
Rendering pages/work
Rendered shared/_top_nav (0.1ms)
Rendered shared/_footer (0.1ms)
Completed in 9ms (View: 6, DB: 1) | 200 OK [http://localhost/pages/work]
  [4;36;1mSQL (0.4ms)[0m   [0;1mSET NAMES 'utf8'[0m
  [4;35;1mSQL (0.4ms)[0m   [0mSET SQL_AUTO_IS_NULL=0[0m


Processing PagesController#client_resources (for 127.0.0.1 at 2010-01-12 14:20:58) [GET]
Rendering template within layouts/application
Rendering pages/client_resources
Rendered shared/_top_nav (0.2ms)
Rendered shared/_footer (0.1ms)
Completed in 9ms (View: 6, DB: 1) | 200 OK [http://localhost/pages/client_resources]
  [4;36;1mSQL (0.3ms)[0m   [0;1mSET NAMES 'utf8'[0m
  [4;35;1mSQL (0.3ms)[0m   [0mSET SQL_AUTO_IS_NULL=0[0m


Processing ApplicationController#index (for 127.0.0.1 at 2010-01-12 14:21:00) [GET]

ActionController::RoutingError (No route matches "/articles" with {:method=>:get}):
  

Rendering rescues/layout (not_found)
  [4;36;1mSQL (0.2ms)[0m   [0;1mSET NAMES 'utf8'[0m
  [4;35;1mSQL (0.1ms)[0m   [0mSET SQL_AUTO_IS_NULL=0[0m


Processing ContactController#new (for 127.0.0.1 at 2010-01-12 14:32:33) [GET]

NameError (uninitialized constant ActiveForm):
  app/models/contact_handler.rb:1
  app/controllers/contact_controller.rb:4:in `new'

Rendered rescues/_trace (127.3ms)
Rendered rescues/_request_and_response (0.5ms)
Rendering rescues/layout (internal_server_error)
  [4;36;1mSQL (0.4ms)[0m   [0;1mSET NAMES 'utf8'[0m
  [4;35;1mSQL (0.3ms)[0m   [0mSET SQL_AUTO_IS_NULL=0[0m


Processing ContactController#new (for 127.0.0.1 at 2010-01-12 14:34:53) [GET]

NameError (uninitialized constant ActiveForm):
  app/models/contact_handler.rb:1
  app/controllers/contact_controller.rb:4:in `new'

Rendered rescues/_trace (55.3ms)
Rendered rescues/_request_and_response (0.4ms)
Rendering rescues/layout (internal_server_error)
  [4;36;1mSQL (0.2ms)[0m   [0;1mSET NAMES 'utf8'[0m
  [4;35;1mSQL (0.1ms)[0m   [0mSET SQL_AUTO_IS_NULL=0[0m


Processing ContactController#new (for 127.0.0.1 at 2010-01-12 14:37:48) [GET]
Rendering template within layouts/application
Rendering contact/new
Rendered shared/_top_nav (1.2ms)
Rendered shared/_footer (1.3ms)
Completed in 77ms (View: 69, DB: 0) | 200 OK [http://localhost/contact]
  [4;36;1mSQL (0.4ms)[0m   [0;1mSET NAMES 'utf8'[0m
  [4;35;1mSQL (0.4ms)[0m   [0mSET SQL_AUTO_IS_NULL=0[0m


Processing ContactController#create (for 127.0.0.1 at 2010-01-12 14:38:10) [POST]
  Parameters: {"commit"=>"send", "contact_handler"=>{"body"=>"This is a test contact Form Hey ", "subject"=>"Test", "email"=>"test@test.com"}, "authenticity_token"=>"+SEyb9oww3FDKzrPcFEHCbm06+lFtogC4unDX2i565Y="}
Sent mail to brandon@isotope11.com

Date: Tue, 12 Jan 2010 14:38:10 -0600
From: test@test.com
To: brandon@isotope11.com
Subject: Contact form: Test
Mime-Version: 1.0
Content-Type: text/plain; charset=utf-8

Subject: Test
E-mail: test@test.com

Message: 
This is a test contact Form Hey 
Redirected to http://localhost:3000/contact
Completed in 77ms (DB: 1) | 302 Found [http://localhost/contact]
  [4;36;1mSQL (0.2ms)[0m   [0;1mSET NAMES 'utf8'[0m
  [4;35;1mSQL (0.1ms)[0m   [0mSET SQL_AUTO_IS_NULL=0[0m


Processing ContactController#new (for 127.0.0.1 at 2010-01-12 14:38:10) [GET]
Rendering template within layouts/application
Rendering contact/new
Rendered shared/_top_nav (0.1ms)
Rendered shared/_footer (0.1ms)
Completed in 20ms (View: 12, DB: 0) | 200 OK [http://localhost/contact]
  [4;36;1mSQL (0.3ms)[0m   [0;1mSET NAMES 'utf8'[0m
  [4;35;1mSQL (0.3ms)[0m   [0mSET SQL_AUTO_IS_NULL=0[0m


Processing ContactController#new (for 127.0.0.1 at 2010-01-12 14:39:32) [GET]
Rendering template within layouts/application
Rendering contact/new
Rendered shared/_top_nav (0.1ms)
Rendered shared/_footer (0.1ms)
Completed in 26ms (View: 18, DB: 1) | 200 OK [http://localhost/contact]
  [4;36;1mSQL (0.4ms)[0m   [0;1mSET NAMES 'utf8'[0m
  [4;35;1mSQL (0.5ms)[0m   [0mSET SQL_AUTO_IS_NULL=0[0m


Processing PagesController#contact (for 127.0.0.1 at 2010-01-12 14:40:43) [GET]
Rendering template within layouts/application
Rendering pages/contact
Rendered shared/_top_nav (0.1ms)
Rendered shared/_footer (0.1ms)
Completed in 19ms (View: 16, DB: 1) | 200 OK [http://localhost/pages/contact]
  [4;36;1mSQL (0.4ms)[0m   [0;1mSET NAMES 'utf8'[0m
  [4;35;1mSQL (0.4ms)[0m   [0mSET SQL_AUTO_IS_NULL=0[0m


Processing ContactController#new (for 127.0.0.1 at 2010-01-12 14:42:36) [GET]
Rendering template within layouts/application
Rendering contact/new
Rendered shared/_top_nav (0.2ms)
Rendered shared/_footer (0.1ms)
Completed in 25ms (View: 18, DB: 1) | 200 OK [http://localhost/contact]
  [4;36;1mSQL (0.4ms)[0m   [0;1mSET NAMES 'utf8'[0m
  [4;35;1mSQL (0.4ms)[0m   [0mSET SQL_AUTO_IS_NULL=0[0m


Processing ContactController#new (for 127.0.0.1 at 2010-01-12 14:44:26) [GET]
Rendering template within layouts/application
Rendering contact/new
Rendered shared/_top_nav (0.1ms)
Rendered shared/_footer (0.1ms)
Completed in 19ms (View: 11, DB: 1) | 200 OK [http://localhost/contact]
  [4;36;1mSQL (0.4ms)[0m   [0;1mSET NAMES 'utf8'[0m
  [4;35;1mSQL (0.4ms)[0m   [0mSET SQL_AUTO_IS_NULL=0[0m


Processing ContactController#new (for 127.0.0.1 at 2010-01-12 14:46:29) [GET]
Rendering template within layouts/application
Rendering contact/new
Rendered shared/_top_nav (0.1ms)
Rendered shared/_footer (0.2ms)
Completed in 19ms (View: 11, DB: 1) | 200 OK [http://localhost/contact]
  [4;36;1mSQL (0.4ms)[0m   [0;1mSET NAMES 'utf8'[0m
  [4;35;1mSQL (0.3ms)[0m   [0mSET SQL_AUTO_IS_NULL=0[0m


Processing ContactController#create (for 127.0.0.1 at 2010-01-12 14:46:51) [POST]
  Parameters: {"commit"=>"send", "contact_handler"=>{"body"=>"TEST TEST TEST TEST test test alksdlksd", "subject"=>"Hey this is a test", "email"=>"asdsad"}, "authenticity_token"=>"+SEyb9oww3FDKzrPcFEHCbm06+lFtogC4unDX2i565Y="}
Rendering template within layouts/application
Rendering contact/new
Rendered shared/_top_nav (0.2ms)
Rendered shared/_footer (0.1ms)
Completed in 45ms (View: 37, DB: 1) | 200 OK [http://localhost/contact]
  [4;36;1mSQL (0.4ms)[0m   [0;1mSET NAMES 'utf8'[0m
  [4;35;1mSQL (0.4ms)[0m   [0mSET SQL_AUTO_IS_NULL=0[0m


Processing ContactController#new (for 127.0.0.1 at 2010-01-12 14:48:06) [GET]
Rendering template within layouts/application
Rendering contact/new
Rendered shared/_top_nav (0.1ms)
Rendered shared/_footer (0.1ms)
Completed in 27ms (View: 20, DB: 1) | 200 OK [http://localhost/contact]
  [4;36;1mSQL (0.3ms)[0m   [0;1mSET NAMES 'utf8'[0m
  [4;35;1mSQL (0.3ms)[0m   [0mSET SQL_AUTO_IS_NULL=0[0m


Processing ContactController#new (for 127.0.0.1 at 2010-01-12 14:48:09) [GET]
Rendering template within layouts/application
Rendering contact/new
Rendered shared/_top_nav (0.1ms)
Rendered shared/_footer (0.1ms)
Completed in 19ms (View: 12, DB: 1) | 200 OK [http://localhost/contact]
  [4;36;1mSQL (0.5ms)[0m   [0;1mSET NAMES 'utf8'[0m
  [4;35;1mSQL (0.4ms)[0m   [0mSET SQL_AUTO_IS_NULL=0[0m


Processing ContactController#new (for 127.0.0.1 at 2010-01-12 14:50:12) [GET]
Rendering template within layouts/application
Rendering contact/new
Rendered shared/_top_nav (0.1ms)
Rendered shared/_footer (0.1ms)
Completed in 19ms (View: 11, DB: 1) | 200 OK [http://localhost/contact]
  [4;36;1mSQL (0.1ms)[0m   [0;1mSET NAMES 'utf8'[0m
  [4;35;1mSQL (0.1ms)[0m   [0mSET SQL_AUTO_IS_NULL=0[0m


Processing ContactController#new (for 127.0.0.1 at 2010-01-12 15:04:37) [GET]
Rendering template within layouts/application
Rendering contact/new
Rendered shared/_top_nav (0.1ms)
Rendered shared/_footer (0.1ms)
Completed in 19ms (View: 12, DB: 0) | 200 OK [http://localhost/contact]
  [4;36;1mSQL (0.2ms)[0m   [0;1mSET NAMES 'utf8'[0m
  [4;35;1mSQL (0.1ms)[0m   [0mSET SQL_AUTO_IS_NULL=0[0m
  [4;36;1mSQL (0.4ms)[0m   [0;1mSHOW TABLES[0m
  [4;35;1mSQL (0.4ms)[0m   [0mSHOW TABLES[0m
  [4;36;1mSQL (0.1ms)[0m   [0;1mSELECT version FROM schema_migrations[0m
  [4;35;1mSQL (0.3ms)[0m   [0mSHOW TABLES[0m
